<?xml version="1.0" encoding="UTF-8" ?>
<testsuites>
<testsuite name="Validate Registration and Login functionality" errors="0" tests="3" failures="0" time="0.138" timestamp="2022-11-15T09:30:34">
  <testcase classname="Validate Registration and Login functionality" name="register new user" time="0.048"></testcase>
  <testcase classname="Validate Registration and Login functionality" name="log in user" time="0.073"></testcase>
  <testcase classname="Validate Registration and Login functionality" name="log out" time="0.016"></testcase>
</testsuite>
</testsuites>